2021-02-07 09:37:15.838 - INFO - 6083 - azureml.train.automl._azureautomlclient.modify_run_configuration:199 - Package azureml-train-automl missing from dependencies file.
2021-02-07 09:37:15.838 - INFO - 6083 - azureml.train.automl._azureautomlclient.modify_run_configuration:205 - Using pinned version: azureml-train-automl==1.20.0.*
2021-02-07 09:37:15.841 - INFO - 6083 - azureml.train.automl._azureautomlclient.modify_run_configuration:199 - Package pandas missing from dependencies file.
2021-02-07 09:37:15.841 - INFO - 6083 - azureml.train.automl._azureautomlclient.modify_run_configuration:205 - Using pinned version: pandas==0.25.1
2021-02-07 09:37:15.847 - INFO - 6083 - azureml.train.automl._azureautomlclient.modify_run_configuration:199 - Package psutil missing from dependencies file.
2021-02-07 09:37:15.847 - INFO - 6083 - azureml.train.automl._azureautomlclient.modify_run_configuration:205 - Using pinned version: psutil>5.0.0,<6.0.0
2021-02-07 09:37:15.848 - INFO - 6083 - azureml.train.automl._azureautomlclient.modify_run_configuration:199 - Package scikit-learn missing from dependencies file.
2021-02-07 09:37:15.848 - INFO - 6083 - azureml.train.automl._azureautomlclient.modify_run_configuration:205 - Using pinned version: scikit-learn==0.22.1
2021-02-07 09:37:15.849 - INFO - 6083 - azureml.train.automl._azureautomlclient.modify_run_configuration:199 - Package numpy missing from dependencies file.
2021-02-07 09:37:15.852 - INFO - 6083 - azureml.train.automl._azureautomlclient.modify_run_configuration:205 - Using pinned version: numpy~=1.18.0
2021-02-07 09:37:15.860 - INFO - 6083 - azureml.train.automl._azureautomlclient.modify_run_configuration:199 - Package py-xgboost missing from dependencies file.
2021-02-07 09:37:15.862 - INFO - 6083 - azureml.train.automl._azureautomlclient.modify_run_configuration:205 - Using pinned version: py-xgboost<=0.90
2021-02-07 09:37:15.872 - INFO - 6083 - azureml.train.automl._azureautomlclient.modify_run_configuration:199 - Package inference-schema missing from dependencies file.
2021-02-07 09:37:15.872 - INFO - 6083 - azureml.train.automl._azureautomlclient.modify_run_configuration:199 - Package fbprophet missing from dependencies file.
2021-02-07 09:37:15.873 - INFO - 6083 - azureml.train.automl._azureautomlclient.modify_run_configuration:205 - Using pinned version: fbprophet==0.5
2021-02-07 09:37:15.874 - INFO - 6083 - azureml.train.automl._azureautomlclient.modify_run_configuration:199 - Package setuptools-git missing from dependencies file.
2021-02-07 09:37:15.874 - INFO - 6083 - azureml.train.automl._azureautomlclient.modify_run_configuration:209 - Using installed version: setuptools-git==1.2
2021-02-07 09:37:15.890 - INFO - 6083 - azureml.train.automl._azureautomlclient._validate_input:664 - Start data validation.
2021-02-07 09:37:17.705 - INFO - 6083 - azureml.train.automl._azureautomlclient._validate_input:677 - Validation service found the data has no errors.
2021-02-07 09:37:17.706 - INFO - 6083 - azureml.train.automl._azureautomlclient._create_parent_run_for_remote:542 - Start creating parent run.
2021-02-07 09:37:17.903 - INFO - 6083 - azureml.train.automl._azureautomlclient._create_parent_run_for_remote:562 - [ParentRunID:AutoML_3d5d6ba0-f3ac-4b65-82f1-eebd553cf63b] Remote run using input X and y.
2021-02-07 09:37:18.380 - INFO - 6083 - azureml.train.automl._azureautomlclient._create_parent_run_for_remote:575 - Parent Run ID: AutoML_3d5d6ba0-f3ac-4b65-82f1-eebd553cf63b
2021-02-07 09:37:18.381 - INFO - 6083 - azureml.train.automl._azureautomlclient._fit_remote_core:503 - Starting a snapshot run (snapshot_id : None)
